<?xml version="1.0" encoding="UTF-8"?>
<testng-results ignored="0" total="1" passed="1" failed="0" skipped="0">
  <reporter-output>
  </reporter-output>
  <suite started-at="2025-08-08T02:27:20 IST" name="Default suite" finished-at="2025-08-08T02:27:39 IST" duration-ms="19353">
    <groups>
    </groups>
    <test started-at="2025-08-08T02:27:20 IST" name="Default test" finished-at="2025-08-08T02:27:39 IST" duration-ms="19353">
      <class name="royanmobiletesting.ToggleSwitch">
        <test-method is-config="true" signature="ConfigureAppium()[pri:0, instance:royanmobiletesting.ToggleSwitch@7cc0cdad]" started-at="2025-08-08T02:27:20 IST" name="ConfigureAppium" finished-at="2025-08-08T02:27:23 IST" duration-ms="3527" status="PASS">
          <reporter-output>
          </reporter-output>
        </test-method> <!-- ConfigureAppium -->
        <test-method signature="ToggleSwitchPress()[pri:0, instance:royanmobiletesting.ToggleSwitch@7cc0cdad]" started-at="2025-08-08T02:27:23 IST" name="ToggleSwitchPress" finished-at="2025-08-08T02:27:38 IST" duration-ms="14739" status="PASS">
          <reporter-output>
          </reporter-output>
        </test-method> <!-- ToggleSwitchPress -->
        <test-method is-config="true" signature="TearDown()[pri:0, instance:royanmobiletesting.ToggleSwitch@7cc0cdad]" started-at="2025-08-08T02:27:38 IST" name="TearDown" finished-at="2025-08-08T02:27:39 IST" duration-ms="1069" status="PASS">
          <reporter-output>
          </reporter-output>
        </test-method> <!-- TearDown -->
      </class> <!-- royanmobiletesting.ToggleSwitch -->
    </test> <!-- Default test -->
  </suite> <!-- Default suite -->
</testng-results>
